Command: /home/921088438/final/Final--AS/./simv -l simv.log +ntb_random_seed=1
Chronologic VCS simulator copyright 1991-2020
Contains Synopsys proprietary information.
Compiler version R-2020.12-SP2-11_Full64; Runtime version R-2020.12-SP2-11_Full64;  May 21 17:47 2024
VCD+ Writer R-2020.12-SP2-11_Full64 Copyright (c) 1991-2020 by Synopsys Inc.
Reset successful.
PASS: Expected sum d3, DUT sum d3
PASS: Expected sum 15f, DUT sum 15f
PASS: Expected sum 16d, DUT sum 16d
PASS: Expected sum 19b, DUT sum 19b
PASS: Expected sum 268, DUT sum 268
PASS: Expected sum 26d, DUT sum 26d
PASS: Expected sum 2dd, DUT sum 2dd
PASS: Expected sum 399, DUT sum 399
PASS: Expected sum 441, DUT sum 441
PASS: Expected sum 4d4, DUT sum 4d4
PASS: Expected sum 550, DUT sum 550
PASS: Expected sum 614, DUT sum 614
PASS: Expected sum 68c, DUT sum 68c
PASS: Expected sum 741, DUT sum 741
PASS: Expected sum 832, DUT sum 832
PASS: Expected sum 839, DUT sum 839
PASS: Expected sum 904, DUT sum 904
PASS: Expected sum 9f6, DUT sum 9f6
PASS: Expected sum a9f, DUT sum a9f
PASS: Expected sum b13, DUT sum b13
PASS: Expected sum ba7, DUT sum ba7
PASS: Expected sum ca5, DUT sum ca5
PASS: Expected sum d55, DUT sum d55
PASS: Expected sum dab, DUT sum dab
PASS: Expected sum e37, DUT sum e37
PASS: Expected sum e3e, DUT sum e3e
PASS: Expected sum f09, DUT sum f09
PASS: Expected sum f64, DUT sum f64
PASS: Expected sum 105f, DUT sum 105f
PASS: Expected sum 115a, DUT sum 115a
PASS: Expected sum 1247, DUT sum 1247
PASS: Expected sum 1329, DUT sum 1329
PASS: Expected sum 141e, DUT sum 141e
PASS: Expected sum 1467, DUT sum 1467
PASS: Expected sum 14e8, DUT sum 14e8
PASS: Expected sum 1580, DUT sum 1580
PASS: Expected sum 1669, DUT sum 1669
PASS: Expected sum 167b, DUT sum 167b
PASS: Expected sum 176c, DUT sum 176c
PASS: Expected sum 17ca, DUT sum 17ca
PASS: Expected sum 184d, DUT sum 184d
PASS: Expected sum 190c, DUT sum 190c
PASS: Expected sum 196f, DUT sum 196f
PASS: Expected sum 19c4, DUT sum 19c4
PASS: Expected sum 19f1, DUT sum 19f1
PASS: Expected sum 1a41, DUT sum 1a41
PASS: Expected sum 1a98, DUT sum 1a98
PASS: Expected sum 1af7, DUT sum 1af7
PASS: Expected sum 1be1, DUT sum 1be1
PASS: Expected sum 1ca5, DUT sum 1ca5
PASS: Expected sum 1da0, DUT sum 1da0
PASS: Expected sum 1e5e, DUT sum 1e5e
PASS: Expected sum 1f52, DUT sum 1f52
PASS: Expected sum 1fc8, DUT sum 1fc8
PASS: Expected sum 201e, DUT sum 201e
PASS: Expected sum 208a, DUT sum 208a
PASS: Expected sum 210c, DUT sum 210c
PASS: Expected sum 219c, DUT sum 219c
PASS: Expected sum 228a, DUT sum 228a
PASS: Expected sum 2325, DUT sum 2325
PASS: Expected sum 2423, DUT sum 2423
PASS: Expected sum 2474, DUT sum 2474
PASS: Expected sum 24fe, DUT sum 24fe
PASS: Expected sum 2596, DUT sum 2596
PASS: Expected sum 2615, DUT sum 2615
PASS: Expected sum 264d, DUT sum 264d
PASS: Expected sum 2653, DUT sum 2653
PASS: Expected sum 26b7, DUT sum 26b7
PASS: Expected sum 271e, DUT sum 271e
PASS: Expected sum 27cf, DUT sum 27cf
PASS: Expected sum 2882, DUT sum 2882
PASS: Expected sum 28d4, DUT sum 28d4
PASS: Expected sum 2923, DUT sum 2923
PASS: Expected sum 2989, DUT sum 2989
PASS: Expected sum 29b5, DUT sum 29b5
PASS: Expected sum 2a96, DUT sum 2a96
PASS: Expected sum 2ac6, DUT sum 2ac6
PASS: Expected sum 2bc4, DUT sum 2bc4
PASS: Expected sum 2bf3, DUT sum 2bf3
PASS: Expected sum 2cc4, DUT sum 2cc4
PASS: Expected sum 2db5, DUT sum 2db5
PASS: Expected sum 2e67, DUT sum 2e67
PASS: Expected sum 2f58, DUT sum 2f58
PASS: Expected sum 3040, DUT sum 3040
PASS: Expected sum 30ef, DUT sum 30ef
PASS: Expected sum 315a, DUT sum 315a
PASS: Expected sum 324d, DUT sum 324d
PASS: Expected sum 3286, DUT sum 3286
PASS: Expected sum 32ed, DUT sum 32ed
PASS: Expected sum 338a, DUT sum 338a
PASS: Expected sum 3468, DUT sum 3468
PASS: Expected sum 355d, DUT sum 355d
PASS: Expected sum 35f8, DUT sum 35f8
PASS: Expected sum 36c3, DUT sum 36c3
PASS: Expected sum 36f4, DUT sum 36f4
PASS: Expected sum 37e3, DUT sum 37e3
PASS: Expected sum 38a7, DUT sum 38a7
PASS: Expected sum 3925, DUT sum 3925
PASS: Expected sum 39d7, DUT sum 39d7
PASS: Expected sum 3aab, DUT sum 3aab
PASS: Expected sum 3ac8, DUT sum 3ac8
PASS: Expected sum 3b53, DUT sum 3b53
PASS: Expected sum 3b6e, DUT sum 3b6e
PASS: Expected sum 3c5e, DUT sum 3c5e
PASS: Expected sum 3d53, DUT sum 3d53
PASS: Expected sum 3e46, DUT sum 3e46
PASS: Expected sum 3e60, DUT sum 3e60
PASS: Expected sum 3e97, DUT sum 3e97
PASS: Expected sum 3ea7, DUT sum 3ea7
PASS: Expected sum 3f76, DUT sum 3f76
PASS: Expected sum 3ff0, DUT sum 3ff0
PASS: Expected sum 4042, DUT sum 4042
PASS: Expected sum 406e, DUT sum 406e
PASS: Expected sum 408e, DUT sum 408e
PASS: Expected sum 409b, DUT sum 409b
PASS: Expected sum 4118, DUT sum 4118
PASS: Expected sum 416b, DUT sum 416b
PASS: Expected sum 4248, DUT sum 4248
PASS: Expected sum 4277, DUT sum 4277
PASS: Expected sum 429d, DUT sum 429d
PASS: Expected sum 433f, DUT sum 433f
PASS: Expected sum 4387, DUT sum 4387
PASS: Expected sum 438f, DUT sum 438f
PASS: Expected sum 4425, DUT sum 4425
PASS: Expected sum 443e, DUT sum 443e
PASS: Expected sum 447d, DUT sum 447d
PASS: Expected sum 4537, DUT sum 4537
PASS: Expected sum 45e2, DUT sum 45e2
PASS: Expected sum 469c, DUT sum 469c
PASS: Expected sum 4707, DUT sum 4707
PASS: Expected sum 47fa, DUT sum 47fa
PASS: Expected sum 487e, DUT sum 487e
PASS: Expected sum 4895, DUT sum 4895
PASS: Expected sum 48c8, DUT sum 48c8
PASS: Expected sum 4927, DUT sum 4927
PASS: Expected sum 49be, DUT sum 49be
PASS: Expected sum 4a08, DUT sum 4a08
PASS: Expected sum 4adc, DUT sum 4adc
PASS: Expected sum 4b97, DUT sum 4b97
PASS: Expected sum 4c6f, DUT sum 4c6f
PASS: Expected sum 4cff, DUT sum 4cff
PASS: Expected sum 4db7, DUT sum 4db7
PASS: Expected sum 4e57, DUT sum 4e57
PASS: Expected sum 4f19, DUT sum 4f19
PASS: Expected sum 4f3e, DUT sum 4f3e
PASS: Expected sum 5005, DUT sum 5005
PASS: Expected sum 50e9, DUT sum 50e9
PASS: Expected sum 5132, DUT sum 5132
PASS: Expected sum 5181, DUT sum 5181
PASS: Expected sum 5201, DUT sum 5201
PASS: Expected sum 523e, DUT sum 523e
PASS: Expected sum 5250, DUT sum 5250
PASS: Expected sum 52fb, DUT sum 52fb
PASS: Expected sum 53f3, DUT sum 53f3
PASS: Expected sum 54ce, DUT sum 54ce
PASS: Expected sum 555a, DUT sum 555a
PASS: Expected sum 564c, DUT sum 564c
PASS: Expected sum 5730, DUT sum 5730
PASS: Expected sum 5815, DUT sum 5815
PASS: Expected sum 58f6, DUT sum 58f6
PASS: Expected sum 59e4, DUT sum 59e4
PASS: Expected sum 5a8e, DUT sum 5a8e
PASS: Expected sum 5b2e, DUT sum 5b2e
PASS: Expected sum 5c01, DUT sum 5c01
PASS: Expected sum 5cd9, DUT sum 5cd9
PASS: Expected sum 5cda, DUT sum 5cda
PASS: Expected sum 5da2, DUT sum 5da2
PASS: Expected sum 5dff, DUT sum 5dff
PASS: Expected sum 5edf, DUT sum 5edf
PASS: Expected sum 5fb8, DUT sum 5fb8
PASS: Expected sum 6074, DUT sum 6074
PASS: Expected sum 60a1, DUT sum 60a1
PASS: Expected sum 6185, DUT sum 6185
PASS: Expected sum 6246, DUT sum 6246
PASS: Expected sum 6271, DUT sum 6271
PASS: Expected sum 633f, DUT sum 633f
PASS: Expected sum 63f2, DUT sum 63f2
PASS: Expected sum 6496, DUT sum 6496
PASS: Expected sum 654a, DUT sum 654a
PASS: Expected sum 6566, DUT sum 6566
PASS: Expected sum 65d3, DUT sum 65d3
PASS: Expected sum 660b, DUT sum 660b
PASS: Expected sum 6628, DUT sum 6628
PASS: Expected sum 6690, DUT sum 6690
PASS: Expected sum 66ae, DUT sum 66ae
PASS: Expected sum 6708, DUT sum 6708
PASS: Expected sum 679e, DUT sum 679e
PASS: Expected sum 689a, DUT sum 689a
PASS: Expected sum 6971, DUT sum 6971
PASS: Expected sum 6a0e, DUT sum 6a0e
PASS: Expected sum 6a3b, DUT sum 6a3b
PASS: Expected sum 6acb, DUT sum 6acb
PASS: Expected sum 6b5a, DUT sum 6b5a
PASS: Expected sum 6be5, DUT sum 6be5
PASS: Expected sum 6c41, DUT sum 6c41
PASS: Expected sum 6d38, DUT sum 6d38
PASS: Expected sum 6dd9, DUT sum 6dd9
PASS: Expected sum 6e2c, DUT sum 6e2c
PASS: Expected sum 6f19, DUT sum 6f19
PASS: Expected sum 6f36, DUT sum 6f36
PASS: Expected sum 6f6c, DUT sum 6f6c
PASS: Expected sum 7014, DUT sum 7014
PASS: Expected sum 703d, DUT sum 703d
PASS: Expected sum 70ed, DUT sum 70ed
PASS: Expected sum 70f2, DUT sum 70f2
PASS: Expected sum 7165, DUT sum 7165
PASS: Expected sum 723f, DUT sum 723f
PASS: Expected sum 7276, DUT sum 7276
PASS: Expected sum 7368, DUT sum 7368
PASS: Expected sum 7381, DUT sum 7381
PASS: Expected sum 7405, DUT sum 7405
PASS: Expected sum 7497, DUT sum 7497
PASS: Expected sum 7500, DUT sum 7500
PASS: Expected sum 75c7, DUT sum 75c7
PASS: Expected sum 75d2, DUT sum 75d2
PASS: Expected sum 7615, DUT sum 7615
PASS: Expected sum 765e, DUT sum 765e
PASS: Expected sum 76c4, DUT sum 76c4
PASS: Expected sum 76c8, DUT sum 76c8
PASS: Expected sum 76d9, DUT sum 76d9
PASS: Expected sum 7760, DUT sum 7760
PASS: Expected sum 783d, DUT sum 783d
PASS: Expected sum 7844, DUT sum 7844
PASS: Expected sum 785d, DUT sum 785d
PASS: Expected sum 78e1, DUT sum 78e1
PASS: Expected sum 794b, DUT sum 794b
PASS: Expected sum 79e7, DUT sum 79e7
PASS: Expected sum 7abe, DUT sum 7abe
PASS: Expected sum 7b64, DUT sum 7b64
PASS: Expected sum 7c3e, DUT sum 7c3e
PASS: Expected sum 7ca1, DUT sum 7ca1
PASS: Expected sum 7cf5, DUT sum 7cf5
PASS: Expected sum 7d03, DUT sum 7d03
PASS: Expected sum 7d9b, DUT sum 7d9b
PASS: Expected sum 7e7d, DUT sum 7e7d
PASS: Expected sum 7e9e, DUT sum 7e9e
PASS: Expected sum 7eaa, DUT sum 7eaa
PASS: Expected sum 7f4a, DUT sum 7f4a
PASS: Expected sum 8016, DUT sum 8016
PASS: Expected sum 80d6, DUT sum 80d6
PASS: Expected sum 819a, DUT sum 819a
PASS: Expected sum 81db, DUT sum 81db
PASS: Expected sum 8252, DUT sum 8252
PASS: Expected sum 825e, DUT sum 825e
PASS: Expected sum 826f, DUT sum 826f
PASS: Expected sum 8283, DUT sum 8283
PASS: Expected sum 8369, DUT sum 8369
PASS: Expected sum 836a, DUT sum 836a
PASS: Expected sum 843e, DUT sum 843e
PASS: Expected sum 8529, DUT sum 8529
PASS: Expected sum 8612, DUT sum 8612
PASS: Expected sum 8711, DUT sum 8711
PASS: Expected sum 8773, DUT sum 8773
PASS: Expected sum 8812, DUT sum 8812
PASS: Expected sum 888f, DUT sum 888f
PASS: Expected sum 8907, DUT sum 8907
PASS: Expected sum 898c, DUT sum 898c
PASS: Expected sum 8a8a, DUT sum 8a8a
PASS: Expected sum 8b49, DUT sum 8b49
PASS: Expected sum 8c31, DUT sum 8c31
PASS: Expected sum 8c63, DUT sum 8c63
PASS: Expected sum 8cf7, DUT sum 8cf7
PASS: Expected sum 8d18, DUT sum 8d18
PASS: Expected sum 8d96, DUT sum 8d96
PASS: Expected sum 8e3e, DUT sum 8e3e
PASS: Expected sum 8f21, DUT sum 8f21
PASS: Expected sum 8f38, DUT sum 8f38
PASS: Expected sum 9011, DUT sum 9011
PASS: Expected sum 9075, DUT sum 9075
PASS: Expected sum 90b0, DUT sum 90b0
PASS: Expected sum 90b8, DUT sum 90b8
PASS: Expected sum 915f, DUT sum 915f
PASS: Expected sum 925d, DUT sum 925d
PASS: Expected sum 92b7, DUT sum 92b7
PASS: Expected sum 93a7, DUT sum 93a7
PASS: Expected sum 947d, DUT sum 947d
PASS: Expected sum 957c, DUT sum 957c
PASS: Expected sum 9592, DUT sum 9592
PASS: Expected sum 95a7, DUT sum 95a7
PASS: Expected sum 95b6, DUT sum 95b6
PASS: Expected sum 9670, DUT sum 9670
PASS: Expected sum 96d8, DUT sum 96d8
PASS: Expected sum 96ef, DUT sum 96ef
PASS: Expected sum 979e, DUT sum 979e
PASS: Expected sum 986b, DUT sum 986b
PASS: Expected sum 98fd, DUT sum 98fd
PASS: Expected sum 997a, DUT sum 997a
PASS: Expected sum 99b6, DUT sum 99b6
PASS: Expected sum 99dd, DUT sum 99dd
PASS: Expected sum 99f6, DUT sum 99f6
PASS: Expected sum 9a77, DUT sum 9a77
PASS: Expected sum 9abd, DUT sum 9abd
PASS: Expected sum 9b74, DUT sum 9b74
PASS: Expected sum 9be1, DUT sum 9be1
PASS: Expected sum 9cbe, DUT sum 9cbe
PASS: Expected sum 9d0b, DUT sum 9d0b
PASS: Expected sum 9df6, DUT sum 9df6
PASS: Expected sum 9e71, DUT sum 9e71
PASS: Expected sum 9f17, DUT sum 9f17
PASS: Expected sum 9f8d, DUT sum 9f8d
PASS: Expected sum 9fc2, DUT sum 9fc2
PASS: Expected sum a041, DUT sum a041
PASS: Expected sum a063, DUT sum a063
PASS: Expected sum a0a0, DUT sum a0a0
PASS: Expected sum a12e, DUT sum a12e
PASS: Expected sum a1ad, DUT sum a1ad
PASS: Expected sum a26b, DUT sum a26b
PASS: Expected sum a309, DUT sum a309
PASS: Expected sum a321, DUT sum a321
PASS: Expected sum a3c2, DUT sum a3c2
PASS: Expected sum a497, DUT sum a497
PASS: Expected sum a50c, DUT sum a50c
PASS: Expected sum a587, DUT sum a587
PASS: Expected sum a5ff, DUT sum a5ff
PASS: Expected sum a65c, DUT sum a65c
PASS: Expected sum a723, DUT sum a723
PASS: Expected sum a791, DUT sum a791
PASS: Expected sum a823, DUT sum a823
PASS: Expected sum a8a9, DUT sum a8a9
PASS: Expected sum a93c, DUT sum a93c
PASS: Expected sum aa01, DUT sum aa01
PASS: Expected sum aa9a, DUT sum aa9a
PASS: Expected sum ab78, DUT sum ab78
PASS: Expected sum abc5, DUT sum abc5
PASS: Expected sum abdb, DUT sum abdb
PASS: Expected sum abde, DUT sum abde
PASS: Expected sum acca, DUT sum acca
PASS: Expected sum adc6, DUT sum adc6
PASS: Expected sum adf4, DUT sum adf4
PASS: Expected sum aea2, DUT sum aea2
PASS: Expected sum af0f, DUT sum af0f
PASS: Expected sum af4b, DUT sum af4b
PASS: Expected sum af91, DUT sum af91
PASS: Expected sum afc4, DUT sum afc4
PASS: Expected sum afd9, DUT sum afd9
PASS: Expected sum b003, DUT sum b003
PASS: Expected sum b008, DUT sum b008
PASS: Expected sum b008, DUT sum b008
PASS: Expected sum b05f, DUT sum b05f
PASS: Expected sum b0c8, DUT sum b0c8
PASS: Expected sum b15f, DUT sum b15f
PASS: Expected sum b184, DUT sum b184
PASS: Expected sum b1cc, DUT sum b1cc
PASS: Expected sum b2ca, DUT sum b2ca
PASS: Expected sum b3ab, DUT sum b3ab
PASS: Expected sum b3f7, DUT sum b3f7
PASS: Expected sum b4b7, DUT sum b4b7
PASS: Expected sum b539, DUT sum b539
PASS: Expected sum b578, DUT sum b578
PASS: Expected sum b5bb, DUT sum b5bb
PASS: Expected sum b6b4, DUT sum b6b4
PASS: Expected sum b73a, DUT sum b73a
PASS: Expected sum b7b9, DUT sum b7b9
PASS: Expected sum b7e1, DUT sum b7e1
PASS: Expected sum b8c9, DUT sum b8c9
PASS: Expected sum b995, DUT sum b995
PASS: Expected sum b9c7, DUT sum b9c7
PASS: Expected sum ba67, DUT sum ba67
PASS: Expected sum bacc, DUT sum bacc
PASS: Expected sum baf9, DUT sum baf9
PASS: Expected sum bbdc, DUT sum bbdc
PASS: Expected sum bcc7, DUT sum bcc7
PASS: Expected sum bd6c, DUT sum bd6c
PASS: Expected sum bdc3, DUT sum bdc3
PASS: Expected sum be47, DUT sum be47
PASS: Expected sum be51, DUT sum be51
PASS: Expected sum be93, DUT sum be93
PASS: Expected sum bef1, DUT sum bef1
PASS: Expected sum bf84, DUT sum bf84
PASS: Expected sum bfa3, DUT sum bfa3
PASS: Expected sum c039, DUT sum c039
PASS: Expected sum c127, DUT sum c127
PASS: Expected sum c221, DUT sum c221
PASS: Expected sum c2d0, DUT sum c2d0
PASS: Expected sum c30c, DUT sum c30c
PASS: Expected sum c3b0, DUT sum c3b0
PASS: Expected sum c4ae, DUT sum c4ae
PASS: Expected sum c545, DUT sum c545
PASS: Expected sum c566, DUT sum c566
PASS: Expected sum c65b, DUT sum c65b
PASS: Expected sum c6de, DUT sum c6de
PASS: Expected sum c70c, DUT sum c70c
PASS: Expected sum c754, DUT sum c754
PASS: Expected sum c778, DUT sum c778
PASS: Expected sum c86d, DUT sum c86d
PASS: Expected sum c8be, DUT sum c8be
PASS: Expected sum c95e, DUT sum c95e
PASS: Expected sum ca2b, DUT sum ca2b
PASS: Expected sum ca97, DUT sum ca97
PASS: Expected sum cab4, DUT sum cab4
PASS: Expected sum cb4b, DUT sum cb4b
PASS: Expected sum cbfb, DUT sum cbfb
PASS: Expected sum ccb4, DUT sum ccb4
PASS: Expected sum cceb, DUT sum cceb
PASS: Expected sum cd63, DUT sum cd63
PASS: Expected sum cdc8, DUT sum cdc8
PASS: Expected sum ce73, DUT sum ce73
PASS: Expected sum cf06, DUT sum cf06
PASS: Expected sum cf8c, DUT sum cf8c
PASS: Expected sum d007, DUT sum d007
PASS: Expected sum d0ef, DUT sum d0ef
PASS: Expected sum d0ef, DUT sum d0ef
PASS: Expected sum d166, DUT sum d166
PASS: Expected sum d1be, DUT sum d1be
PASS: Expected sum d2a7, DUT sum d2a7
PASS: Expected sum d31a, DUT sum d31a
PASS: Expected sum d407, DUT sum d407
PASS: Expected sum d450, DUT sum d450
PASS: Expected sum d463, DUT sum d463
PASS: Expected sum d52b, DUT sum d52b
PASS: Expected sum d5fc, DUT sum d5fc
PASS: Expected sum d64c, DUT sum d64c
PASS: Expected sum d64e, DUT sum d64e
PASS: Expected sum d6f4, DUT sum d6f4
PASS: Expected sum d77d, DUT sum d77d
PASS: Expected sum d7ef, DUT sum d7ef
PASS: Expected sum d8b2, DUT sum d8b2
PASS: Expected sum d8bd, DUT sum d8bd
PASS: Expected sum d8f8, DUT sum d8f8
PASS: Expected sum d8ff, DUT sum d8ff
PASS: Expected sum d9d5, DUT sum d9d5
PASS: Expected sum da06, DUT sum da06
PASS: Expected sum da57, DUT sum da57
PASS: Expected sum da97, DUT sum da97
PASS: Expected sum db78, DUT sum db78
PASS: Expected sum dbec, DUT sum dbec
PASS: Expected sum dc4f, DUT sum dc4f
PASS: Expected sum dd36, DUT sum dd36
PASS: Expected sum dd49, DUT sum dd49
PASS: Expected sum dd52, DUT sum dd52
PASS: Expected sum dd54, DUT sum dd54
PASS: Expected sum de1b, DUT sum de1b
PASS: Expected sum df08, DUT sum df08
PASS: Expected sum df3a, DUT sum df3a
PASS: Expected sum df54, DUT sum df54
PASS: Expected sum e032, DUT sum e032
PASS: Expected sum e096, DUT sum e096
PASS: Expected sum e175, DUT sum e175
PASS: Expected sum e181, DUT sum e181
PASS: Expected sum e1b0, DUT sum e1b0
PASS: Expected sum e1fb, DUT sum e1fb
PASS: Expected sum e299, DUT sum e299
PASS: Expected sum e2e2, DUT sum e2e2
PASS: Expected sum e302, DUT sum e302
PASS: Expected sum e3c0, DUT sum e3c0
PASS: Expected sum e3ea, DUT sum e3ea
PASS: Expected sum e426, DUT sum e426
PASS: Expected sum e4f0, DUT sum e4f0
PASS: Expected sum e59e, DUT sum e59e
PASS: Expected sum e5fe, DUT sum e5fe
PASS: Expected sum e609, DUT sum e609
PASS: Expected sum e695, DUT sum e695
PASS: Expected sum e732, DUT sum e732
PASS: Expected sum e773, DUT sum e773
PASS: Expected sum e78d, DUT sum e78d
PASS: Expected sum e79d, DUT sum e79d
PASS: Expected sum e894, DUT sum e894
PASS: Expected sum e8e9, DUT sum e8e9
PASS: Expected sum e8ec, DUT sum e8ec
PASS: Expected sum e9b2, DUT sum e9b2
PASS: Expected sum ea5e, DUT sum ea5e
PASS: Expected sum eb2b, DUT sum eb2b
PASS: Expected sum eb52, DUT sum eb52
PASS: Expected sum eb9c, DUT sum eb9c
PASS: Expected sum eba7, DUT sum eba7
PASS: Expected sum ec26, DUT sum ec26
PASS: Expected sum ed01, DUT sum ed01
PASS: Expected sum ed80, DUT sum ed80
PASS: Expected sum edcb, DUT sum edcb
PASS: Expected sum ee8c, DUT sum ee8c
PASS: Expected sum ef4f, DUT sum ef4f
PASS: Expected sum f029, DUT sum f029
PASS: Expected sum f0a2, DUT sum f0a2
PASS: Expected sum f17d, DUT sum f17d
PASS: Expected sum f279, DUT sum f279
PASS: Expected sum f328, DUT sum f328
PASS: Expected sum f3b2, DUT sum f3b2
PASS: Expected sum f411, DUT sum f411
PASS: Expected sum f452, DUT sum f452
PASS: Expected sum f461, DUT sum f461
PASS: Expected sum f52e, DUT sum f52e
PASS: Expected sum f543, DUT sum f543
PASS: Expected sum f621, DUT sum f621
PASS: Expected sum f6b0, DUT sum f6b0
PASS: Expected sum f786, DUT sum f786
PASS: Expected sum f7aa, DUT sum f7aa
PASS: Expected sum f82b, DUT sum f82b
PASS: Expected sum f8a7, DUT sum f8a7
PASS: Expected sum f998, DUT sum f998
PASS: Expected sum f9ff, DUT sum f9ff
PASS: Expected sum fa24, DUT sum fa24
PASS: Expected sum fa41, DUT sum fa41
PASS: Expected sum fb40, DUT sum fb40
PASS: Expected sum fbfb, DUT sum fbfb
PASS: Expected sum fc40, DUT sum fc40
PASS: Expected sum fd19, DUT sum fd19
PASS: Expected sum fe14, DUT sum fe14
PASS: Expected sum feba, DUT sum feba
PASS: Expected sum ffaa, DUT sum ffaa
FAIL: Expected sum 1d, DUT sum ffff
***Sum output saturated to 16'hFFFF; Finishing simulation***
$finish called from file "./driver.sv", line 53.
$finish at simulation time              5020000
           V C S   S i m u l a t i o n   R e p o r t 
Time: 5020000 ps
CPU Time:      0.280 seconds;       Data structure size:   0.0Mb
Tue May 21 17:47:48 2024
